<?xml version="1.0" encoding="UTF-8"?>
<testsuite xmlns:xsi="http://www.w3.org/2001/XMLSchema-instance" xsi:noNamespaceSchemaLocation="https://maven.apache.org/surefire/maven-surefire-plugin/xsd/surefire-test-report-3.0.xsd" version="3.0" name="com.bdia.Runners.TestNGRunnerTest" time="86.537" tests="2" errors="0" skipped="0" failures="0">
  <properties>
    <property name="gopherProxySet" value="false"/>
    <property name="awt.toolkit" value="sun.lwawt.macosx.LWCToolkit"/>
    <property name="java.specification.version" value="11"/>
    <property name="sun.cpu.isalist" value=""/>
    <property name="sun.jnu.encoding" value="UTF-8"/>
    <property name="java.class.path" value="/Users/bambadia/IdeaProjects/CucumberFramework/target/test-classes:/Users/bambadia/IdeaProjects/CucumberFramework/target/classes:/Users/bambadia/.m2/repository/org/testng/testng/7.4.0/testng-7.4.0.jar:/Users/bambadia/.m2/repository/com/beust/jcommander/1.78/jcommander-1.78.jar:/Users/bambadia/.m2/repository/org/webjars/jquery/3.5.1/jquery-3.5.1.jar:/Users/bambadia/.m2/repository/io/cucumber/cucumber-java/7.4.0/cucumber-java-7.4.0.jar:/Users/bambadia/.m2/repository/io/cucumber/cucumber-core/7.4.0/cucumber-core-7.4.0.jar:/Users/bambadia/.m2/repository/io/cucumber/cucumber-gherkin/7.4.0/cucumber-gherkin-7.4.0.jar:/Users/bambadia/.m2/repository/io/cucumber/cucumber-gherkin-messages/7.4.0/cucumber-gherkin-messages-7.4.0.jar:/Users/bambadia/.m2/repository/io/cucumber/gherkin/23.0.1/gherkin-23.0.1.jar:/Users/bambadia/.m2/repository/io/cucumber/messages/18.0.0/messages-18.0.0.jar:/Users/bambadia/.m2/repository/io/cucumber/tag-expressions/4.1.0/tag-expressions-4.1.0.jar:/Users/bambadia/.m2/repository/io/cucumber/cucumber-expressions/16.0.0/cucumber-expressions-16.0.0.jar:/Users/bambadia/.m2/repository/io/cucumber/datatable/7.4.0/datatable-7.4.0.jar:/Users/bambadia/.m2/repository/io/cucumber/cucumber-plugin/7.4.0/cucumber-plugin-7.4.0.jar:/Users/bambadia/.m2/repository/io/cucumber/docstring/7.4.0/docstring-7.4.0.jar:/Users/bambadia/.m2/repository/io/cucumber/html-formatter/19.2.0/html-formatter-19.2.0.jar:/Users/bambadia/.m2/repository/io/cucumber/ci-environment/9.0.4/ci-environment-9.0.4.jar:/Users/bambadia/.m2/repository/org/apiguardian/apiguardian-api/1.1.2/apiguardian-api-1.1.2.jar:/Users/bambadia/.m2/repository/io/cucumber/cucumber-testng/7.4.0/cucumber-testng-7.4.0.jar:/Users/bambadia/.m2/repository/io/cucumber/cucumber-picocontainer/7.4.0/cucumber-picocontainer-7.4.0.jar:/Users/bambadia/.m2/repository/org/picocontainer/picocontainer/2.15/picocontainer-2.15.jar:/Users/bambadia/.m2/repository/io/appium/java-client/8.1.1/java-client-8.1.1.jar:/Users/bambadia/.m2/repository/org/seleniumhq/selenium/selenium-api/4.3.0/selenium-api-4.3.0.jar:/Users/bambadia/.m2/repository/org/seleniumhq/selenium/selenium-remote-driver/4.3.0/selenium-remote-driver-4.3.0.jar:/Users/bambadia/.m2/repository/io/netty/netty-buffer/4.1.78.Final/netty-buffer-4.1.78.Final.jar:/Users/bambadia/.m2/repository/io/netty/netty-codec-http/4.1.78.Final/netty-codec-http-4.1.78.Final.jar:/Users/bambadia/.m2/repository/io/netty/netty-codec/4.1.78.Final/netty-codec-4.1.78.Final.jar:/Users/bambadia/.m2/repository/io/netty/netty-handler/4.1.78.Final/netty-handler-4.1.78.Final.jar:/Users/bambadia/.m2/repository/io/netty/netty-common/4.1.78.Final/netty-common-4.1.78.Final.jar:/Users/bambadia/.m2/repository/io/netty/netty-transport-classes-epoll/4.1.78.Final/netty-transport-classes-epoll-4.1.78.Final.jar:/Users/bambadia/.m2/repository/io/netty/netty-transport-classes-kqueue/4.1.78.Final/netty-transport-classes-kqueue-4.1.78.Final.jar:/Users/bambadia/.m2/repository/io/netty/netty-transport-native-epoll/4.1.78.Final/netty-transport-native-epoll-4.1.78.Final.jar:/Users/bambadia/.m2/repository/io/netty/netty-transport-native-kqueue/4.1.78.Final/netty-transport-native-kqueue-4.1.78.Final.jar:/Users/bambadia/.m2/repository/io/netty/netty-transport-native-unix-common/4.1.78.Final/netty-transport-native-unix-common-4.1.78.Final.jar:/Users/bambadia/.m2/repository/io/netty/netty-transport/4.1.78.Final/netty-transport-4.1.78.Final.jar:/Users/bambadia/.m2/repository/io/netty/netty-resolver/4.1.78.Final/netty-resolver-4.1.78.Final.jar:/Users/bambadia/.m2/repository/io/opentelemetry/opentelemetry-api/1.15.0/opentelemetry-api-1.15.0.jar:/Users/bambadia/.m2/repository/io/opentelemetry/opentelemetry-context/1.15.0/opentelemetry-context-1.15.0.jar:/Users/bambadia/.m2/repository/io/opentelemetry/opentelemetry-exporter-logging/1.15.0/opentelemetry-exporter-logging-1.15.0.jar:/Users/bambadia/.m2/repository/io/opentelemetry/opentelemetry-sdk-metrics/1.15.0/opentelemetry-sdk-metrics-1.15.0.jar:/Users/bambadia/.m2/repository/io/opentelemetry/opentelemetry-sdk-logs/1.15.0-alpha/opentelemetry-sdk-logs-1.15.0-alpha.jar:/Users/bambadia/.m2/repository/io/opentelemetry/opentelemetry-sdk-common/1.15.0/opentelemetry-sdk-common-1.15.0.jar:/Users/bambadia/.m2/repository/io/opentelemetry/opentelemetry-sdk-extension-autoconfigure-spi/1.15.0/opentelemetry-sdk-extension-autoconfigure-spi-1.15.0.jar:/Users/bambadia/.m2/repository/io/opentelemetry/opentelemetry-sdk-extension-autoconfigure/1.15.0-alpha/opentelemetry-sdk-extension-autoconfigure-1.15.0-alpha.jar:/Users/bambadia/.m2/repository/io/opentelemetry/opentelemetry-sdk-trace/1.15.0/opentelemetry-sdk-trace-1.15.0.jar:/Users/bambadia/.m2/repository/io/opentelemetry/opentelemetry-sdk/1.15.0/opentelemetry-sdk-1.15.0.jar:/Users/bambadia/.m2/repository/io/opentelemetry/opentelemetry-semconv/1.15.0-alpha/opentelemetry-semconv-1.15.0-alpha.jar:/Users/bambadia/.m2/repository/io/ous/jtoml/2.0.0/jtoml-2.0.0.jar:/Users/bambadia/.m2/repository/org/apache/commons/commons-exec/1.3/commons-exec-1.3.jar:/Users/bambadia/.m2/repository/org/asynchttpclient/async-http-client/2.12.3/async-http-client-2.12.3.jar:/Users/bambadia/.m2/repository/org/asynchttpclient/async-http-client-netty-utils/2.12.3/async-http-client-netty-utils-2.12.3.jar:/Users/bambadia/.m2/repository/io/netty/netty-codec-socks/4.1.60.Final/netty-codec-socks-4.1.60.Final.jar:/Users/bambadia/.m2/repository/io/netty/netty-handler-proxy/4.1.60.Final/netty-handler-proxy-4.1.60.Final.jar:/Users/bambadia/.m2/repository/io/netty/netty-transport-native-epoll/4.1.60.Final/netty-transport-native-epoll-4.1.60.Final-linux-x86_64.jar:/Users/bambadia/.m2/repository/io/netty/netty-transport-native-kqueue/4.1.60.Final/netty-transport-native-kqueue-4.1.60.Final-osx-x86_64.jar:/Users/bambadia/.m2/repository/org/reactivestreams/reactive-streams/1.0.3/reactive-streams-1.0.3.jar:/Users/bambadia/.m2/repository/com/typesafe/netty/netty-reactive-streams/2.0.4/netty-reactive-streams-2.0.4.jar:/Users/bambadia/.m2/repository/com/sun/activation/jakarta.activation/1.2.2/jakarta.activation-1.2.2.jar:/Users/bambadia/.m2/repository/org/seleniumhq/selenium/selenium-http/4.3.0/selenium-http-4.3.0.jar:/Users/bambadia/.m2/repository/dev/failsafe/failsafe/3.2.4/failsafe-3.2.4.jar:/Users/bambadia/.m2/repository/com/google/code/gson/gson/2.9.0/gson-2.9.0.jar:/Users/bambadia/.m2/repository/commons-codec/commons-codec/1.15/commons-codec-1.15.jar:/Users/bambadia/.m2/repository/cglib/cglib/3.3.0/cglib-3.3.0.jar:/Users/bambadia/.m2/repository/org/ow2/asm/asm/7.1/asm-7.1.jar:/Users/bambadia/.m2/repository/commons-validator/commons-validator/1.7/commons-validator-1.7.jar:/Users/bambadia/.m2/repository/commons-beanutils/commons-beanutils/1.9.4/commons-beanutils-1.9.4.jar:/Users/bambadia/.m2/repository/commons-digester/commons-digester/2.1/commons-digester-2.1.jar:/Users/bambadia/.m2/repository/commons-logging/commons-logging/1.2/commons-logging-1.2.jar:/Users/bambadia/.m2/repository/commons-collections/commons-collections/3.2.2/commons-collections-3.2.2.jar:/Users/bambadia/.m2/repository/org/apache/commons/commons-lang3/3.12.0/commons-lang3-3.12.0.jar:/Users/bambadia/.m2/repository/commons-io/commons-io/2.11.0/commons-io-2.11.0.jar:/Users/bambadia/.m2/repository/org/slf4j/slf4j-api/1.7.36/slf4j-api-1.7.36.jar:/Users/bambadia/.m2/repository/org/apache/logging/log4j/log4j-core/2.17.2/log4j-core-2.17.2.jar:/Users/bambadia/.m2/repository/org/apache/logging/log4j/log4j-api/2.17.2/log4j-api-2.17.2.jar:/Users/bambadia/.m2/repository/org/seleniumhq/selenium/selenium-support/4.3.0/selenium-support-4.3.0.jar:/Users/bambadia/.m2/repository/com/google/auto/service/auto-service-annotations/1.0.1/auto-service-annotations-1.0.1.jar:/Users/bambadia/.m2/repository/com/google/auto/service/auto-service/1.0.1/auto-service-1.0.1.jar:/Users/bambadia/.m2/repository/com/google/auto/auto-common/1.2/auto-common-1.2.jar:/Users/bambadia/.m2/repository/com/google/guava/guava/31.1-jre/guava-31.1-jre.jar:/Users/bambadia/.m2/repository/com/google/guava/failureaccess/1.0.1/failureaccess-1.0.1.jar:/Users/bambadia/.m2/repository/com/google/guava/listenablefuture/9999.0-empty-to-avoid-conflict-with-guava/listenablefuture-9999.0-empty-to-avoid-conflict-with-guava.jar:/Users/bambadia/.m2/repository/com/google/code/findbugs/jsr305/3.0.2/jsr305-3.0.2.jar:/Users/bambadia/.m2/repository/org/checkerframework/checker-qual/3.12.0/checker-qual-3.12.0.jar:/Users/bambadia/.m2/repository/com/google/errorprone/error_prone_annotations/2.11.0/error_prone_annotations-2.11.0.jar:/Users/bambadia/.m2/repository/com/google/j2objc/j2objc-annotations/1.3/j2objc-annotations-1.3.jar:/Users/bambadia/.m2/repository/net/bytebuddy/byte-buddy/1.12.10/byte-buddy-1.12.10.jar:/Users/bambadia/.m2/repository/org/seleniumhq/selenium/selenium-json/4.3.0/selenium-json-4.3.0.jar:"/>
    <property name="java.vm.vendor" value="Oracle Corporation"/>
    <property name="deviceName" value="Iphone X"/>
    <property name="sun.arch.data.model" value="64"/>
    <property name="java.vendor.url" value="https://openjdk.java.net/"/>
    <property name="user.timezone" value="Europe/Paris"/>
    <property name="java.vm.specification.version" value="11"/>
    <property name="os.name" value="Mac OS X"/>
    <property name="sun.java.launcher" value="SUN_STANDARD"/>
    <property name="user.country" value="FR"/>
    <property name="sun.boot.library.path" value="/Library/Java/JavaVirtualMachines/jdk-11.0.15.jdk/Contents/Home/lib"/>
    <property name="sun.java.command" value="/Users/bambadia/IdeaProjects/CucumberFramework/target/surefire/surefirebooter12648319067268307167.jar /Users/bambadia/IdeaProjects/CucumberFramework/target/surefire 2022-07-01T15-26-19_241-jvmRun1 surefire16696638772631735840tmp surefire_01133035531220781930tmp"/>
    <property name="http.nonProxyHosts" value="local|*.local|169.254/16|*.169.254/16"/>
    <property name="jdk.debug" value="release"/>
    <property name="surefire.test.class.path" value="/Users/bambadia/IdeaProjects/CucumberFramework/target/test-classes:/Users/bambadia/IdeaProjects/CucumberFramework/target/classes:/Users/bambadia/.m2/repository/org/testng/testng/7.4.0/testng-7.4.0.jar:/Users/bambadia/.m2/repository/com/beust/jcommander/1.78/jcommander-1.78.jar:/Users/bambadia/.m2/repository/org/webjars/jquery/3.5.1/jquery-3.5.1.jar:/Users/bambadia/.m2/repository/io/cucumber/cucumber-java/7.4.0/cucumber-java-7.4.0.jar:/Users/bambadia/.m2/repository/io/cucumber/cucumber-core/7.4.0/cucumber-core-7.4.0.jar:/Users/bambadia/.m2/repository/io/cucumber/cucumber-gherkin/7.4.0/cucumber-gherkin-7.4.0.jar:/Users/bambadia/.m2/repository/io/cucumber/cucumber-gherkin-messages/7.4.0/cucumber-gherkin-messages-7.4.0.jar:/Users/bambadia/.m2/repository/io/cucumber/gherkin/23.0.1/gherkin-23.0.1.jar:/Users/bambadia/.m2/repository/io/cucumber/messages/18.0.0/messages-18.0.0.jar:/Users/bambadia/.m2/repository/io/cucumber/tag-expressions/4.1.0/tag-expressions-4.1.0.jar:/Users/bambadia/.m2/repository/io/cucumber/cucumber-expressions/16.0.0/cucumber-expressions-16.0.0.jar:/Users/bambadia/.m2/repository/io/cucumber/datatable/7.4.0/datatable-7.4.0.jar:/Users/bambadia/.m2/repository/io/cucumber/cucumber-plugin/7.4.0/cucumber-plugin-7.4.0.jar:/Users/bambadia/.m2/repository/io/cucumber/docstring/7.4.0/docstring-7.4.0.jar:/Users/bambadia/.m2/repository/io/cucumber/html-formatter/19.2.0/html-formatter-19.2.0.jar:/Users/bambadia/.m2/repository/io/cucumber/ci-environment/9.0.4/ci-environment-9.0.4.jar:/Users/bambadia/.m2/repository/org/apiguardian/apiguardian-api/1.1.2/apiguardian-api-1.1.2.jar:/Users/bambadia/.m2/repository/io/cucumber/cucumber-testng/7.4.0/cucumber-testng-7.4.0.jar:/Users/bambadia/.m2/repository/io/cucumber/cucumber-picocontainer/7.4.0/cucumber-picocontainer-7.4.0.jar:/Users/bambadia/.m2/repository/org/picocontainer/picocontainer/2.15/picocontainer-2.15.jar:/Users/bambadia/.m2/repository/io/appium/java-client/8.1.1/java-client-8.1.1.jar:/Users/bambadia/.m2/repository/org/seleniumhq/selenium/selenium-api/4.3.0/selenium-api-4.3.0.jar:/Users/bambadia/.m2/repository/org/seleniumhq/selenium/selenium-remote-driver/4.3.0/selenium-remote-driver-4.3.0.jar:/Users/bambadia/.m2/repository/io/netty/netty-buffer/4.1.78.Final/netty-buffer-4.1.78.Final.jar:/Users/bambadia/.m2/repository/io/netty/netty-codec-http/4.1.78.Final/netty-codec-http-4.1.78.Final.jar:/Users/bambadia/.m2/repository/io/netty/netty-codec/4.1.78.Final/netty-codec-4.1.78.Final.jar:/Users/bambadia/.m2/repository/io/netty/netty-handler/4.1.78.Final/netty-handler-4.1.78.Final.jar:/Users/bambadia/.m2/repository/io/netty/netty-common/4.1.78.Final/netty-common-4.1.78.Final.jar:/Users/bambadia/.m2/repository/io/netty/netty-transport-classes-epoll/4.1.78.Final/netty-transport-classes-epoll-4.1.78.Final.jar:/Users/bambadia/.m2/repository/io/netty/netty-transport-classes-kqueue/4.1.78.Final/netty-transport-classes-kqueue-4.1.78.Final.jar:/Users/bambadia/.m2/repository/io/netty/netty-transport-native-epoll/4.1.78.Final/netty-transport-native-epoll-4.1.78.Final.jar:/Users/bambadia/.m2/repository/io/netty/netty-transport-native-kqueue/4.1.78.Final/netty-transport-native-kqueue-4.1.78.Final.jar:/Users/bambadia/.m2/repository/io/netty/netty-transport-native-unix-common/4.1.78.Final/netty-transport-native-unix-common-4.1.78.Final.jar:/Users/bambadia/.m2/repository/io/netty/netty-transport/4.1.78.Final/netty-transport-4.1.78.Final.jar:/Users/bambadia/.m2/repository/io/netty/netty-resolver/4.1.78.Final/netty-resolver-4.1.78.Final.jar:/Users/bambadia/.m2/repository/io/opentelemetry/opentelemetry-api/1.15.0/opentelemetry-api-1.15.0.jar:/Users/bambadia/.m2/repository/io/opentelemetry/opentelemetry-context/1.15.0/opentelemetry-context-1.15.0.jar:/Users/bambadia/.m2/repository/io/opentelemetry/opentelemetry-exporter-logging/1.15.0/opentelemetry-exporter-logging-1.15.0.jar:/Users/bambadia/.m2/repository/io/opentelemetry/opentelemetry-sdk-metrics/1.15.0/opentelemetry-sdk-metrics-1.15.0.jar:/Users/bambadia/.m2/repository/io/opentelemetry/opentelemetry-sdk-logs/1.15.0-alpha/opentelemetry-sdk-logs-1.15.0-alpha.jar:/Users/bambadia/.m2/repository/io/opentelemetry/opentelemetry-sdk-common/1.15.0/opentelemetry-sdk-common-1.15.0.jar:/Users/bambadia/.m2/repository/io/opentelemetry/opentelemetry-sdk-extension-autoconfigure-spi/1.15.0/opentelemetry-sdk-extension-autoconfigure-spi-1.15.0.jar:/Users/bambadia/.m2/repository/io/opentelemetry/opentelemetry-sdk-extension-autoconfigure/1.15.0-alpha/opentelemetry-sdk-extension-autoconfigure-1.15.0-alpha.jar:/Users/bambadia/.m2/repository/io/opentelemetry/opentelemetry-sdk-trace/1.15.0/opentelemetry-sdk-trace-1.15.0.jar:/Users/bambadia/.m2/repository/io/opentelemetry/opentelemetry-sdk/1.15.0/opentelemetry-sdk-1.15.0.jar:/Users/bambadia/.m2/repository/io/opentelemetry/opentelemetry-semconv/1.15.0-alpha/opentelemetry-semconv-1.15.0-alpha.jar:/Users/bambadia/.m2/repository/io/ous/jtoml/2.0.0/jtoml-2.0.0.jar:/Users/bambadia/.m2/repository/org/apache/commons/commons-exec/1.3/commons-exec-1.3.jar:/Users/bambadia/.m2/repository/org/asynchttpclient/async-http-client/2.12.3/async-http-client-2.12.3.jar:/Users/bambadia/.m2/repository/org/asynchttpclient/async-http-client-netty-utils/2.12.3/async-http-client-netty-utils-2.12.3.jar:/Users/bambadia/.m2/repository/io/netty/netty-codec-socks/4.1.60.Final/netty-codec-socks-4.1.60.Final.jar:/Users/bambadia/.m2/repository/io/netty/netty-handler-proxy/4.1.60.Final/netty-handler-proxy-4.1.60.Final.jar:/Users/bambadia/.m2/repository/io/netty/netty-transport-native-epoll/4.1.60.Final/netty-transport-native-epoll-4.1.60.Final-linux-x86_64.jar:/Users/bambadia/.m2/repository/io/netty/netty-transport-native-kqueue/4.1.60.Final/netty-transport-native-kqueue-4.1.60.Final-osx-x86_64.jar:/Users/bambadia/.m2/repository/org/reactivestreams/reactive-streams/1.0.3/reactive-streams-1.0.3.jar:/Users/bambadia/.m2/repository/com/typesafe/netty/netty-reactive-streams/2.0.4/netty-reactive-streams-2.0.4.jar:/Users/bambadia/.m2/repository/com/sun/activation/jakarta.activation/1.2.2/jakarta.activation-1.2.2.jar:/Users/bambadia/.m2/repository/org/seleniumhq/selenium/selenium-http/4.3.0/selenium-http-4.3.0.jar:/Users/bambadia/.m2/repository/dev/failsafe/failsafe/3.2.4/failsafe-3.2.4.jar:/Users/bambadia/.m2/repository/com/google/code/gson/gson/2.9.0/gson-2.9.0.jar:/Users/bambadia/.m2/repository/commons-codec/commons-codec/1.15/commons-codec-1.15.jar:/Users/bambadia/.m2/repository/cglib/cglib/3.3.0/cglib-3.3.0.jar:/Users/bambadia/.m2/repository/org/ow2/asm/asm/7.1/asm-7.1.jar:/Users/bambadia/.m2/repository/commons-validator/commons-validator/1.7/commons-validator-1.7.jar:/Users/bambadia/.m2/repository/commons-beanutils/commons-beanutils/1.9.4/commons-beanutils-1.9.4.jar:/Users/bambadia/.m2/repository/commons-digester/commons-digester/2.1/commons-digester-2.1.jar:/Users/bambadia/.m2/repository/commons-logging/commons-logging/1.2/commons-logging-1.2.jar:/Users/bambadia/.m2/repository/commons-collections/commons-collections/3.2.2/commons-collections-3.2.2.jar:/Users/bambadia/.m2/repository/org/apache/commons/commons-lang3/3.12.0/commons-lang3-3.12.0.jar:/Users/bambadia/.m2/repository/commons-io/commons-io/2.11.0/commons-io-2.11.0.jar:/Users/bambadia/.m2/repository/org/slf4j/slf4j-api/1.7.36/slf4j-api-1.7.36.jar:/Users/bambadia/.m2/repository/org/apache/logging/log4j/log4j-core/2.17.2/log4j-core-2.17.2.jar:/Users/bambadia/.m2/repository/org/apache/logging/log4j/log4j-api/2.17.2/log4j-api-2.17.2.jar:/Users/bambadia/.m2/repository/org/seleniumhq/selenium/selenium-support/4.3.0/selenium-support-4.3.0.jar:/Users/bambadia/.m2/repository/com/google/auto/service/auto-service-annotations/1.0.1/auto-service-annotations-1.0.1.jar:/Users/bambadia/.m2/repository/com/google/auto/service/auto-service/1.0.1/auto-service-1.0.1.jar:/Users/bambadia/.m2/repository/com/google/auto/auto-common/1.2/auto-common-1.2.jar:/Users/bambadia/.m2/repository/com/google/guava/guava/31.1-jre/guava-31.1-jre.jar:/Users/bambadia/.m2/repository/com/google/guava/failureaccess/1.0.1/failureaccess-1.0.1.jar:/Users/bambadia/.m2/repository/com/google/guava/listenablefuture/9999.0-empty-to-avoid-conflict-with-guava/listenablefuture-9999.0-empty-to-avoid-conflict-with-guava.jar:/Users/bambadia/.m2/repository/com/google/code/findbugs/jsr305/3.0.2/jsr305-3.0.2.jar:/Users/bambadia/.m2/repository/org/checkerframework/checker-qual/3.12.0/checker-qual-3.12.0.jar:/Users/bambadia/.m2/repository/com/google/errorprone/error_prone_annotations/2.11.0/error_prone_annotations-2.11.0.jar:/Users/bambadia/.m2/repository/com/google/j2objc/j2objc-annotations/1.3/j2objc-annotations-1.3.jar:/Users/bambadia/.m2/repository/net/bytebuddy/byte-buddy/1.12.10/byte-buddy-1.12.10.jar:/Users/bambadia/.m2/repository/org/seleniumhq/selenium/selenium-json/4.3.0/selenium-json-4.3.0.jar:"/>
    <property name="sun.cpu.endian" value="little"/>
    <property name="user.home" value="/Users/bambadia"/>
    <property name="user.language" value="fr"/>
    <property name="java.specification.vendor" value="Oracle Corporation"/>
    <property name="java.version.date" value="2022-04-19"/>
    <property name="cucumber.execution.dry-run" value="false"/>
    <property name="java.home" value="/Library/Java/JavaVirtualMachines/jdk-11.0.15.jdk/Contents/Home"/>
    <property name="file.separator" value="/"/>
    <property name="basedir" value="/Users/bambadia/IdeaProjects/CucumberFramework"/>
    <property name="java.vm.compressedOopsMode" value="Zero based"/>
    <property name="line.separator" value="&#10;"/>
    <property name="java.specification.name" value="Java Platform API Specification"/>
    <property name="java.vm.specification.vendor" value="Oracle Corporation"/>
    <property name="java.awt.graphicsenv" value="sun.awt.CGraphicsEnvironment"/>
    <property name="surefire.real.class.path" value="/Users/bambadia/IdeaProjects/CucumberFramework/target/surefire/surefirebooter12648319067268307167.jar"/>
    <property name="sun.management.compiler" value="HotSpot 64-Bit Tiered Compilers"/>
    <property name="ftp.nonProxyHosts" value="local|*.local|169.254/16|*.169.254/16"/>
    <property name="java.runtime.version" value="11.0.15+8-LTS-149"/>
    <property name="user.name" value="bambadia"/>
    <property name="path.separator" value=":"/>
    <property name="os.version" value="12.4"/>
    <property name="java.runtime.name" value="Java(TM) SE Runtime Environment"/>
    <property name="file.encoding" value="UTF-8"/>
    <property name="webkitDebugProxyPort" value="10001"/>
    <property name="java.vm.name" value="Java HotSpot(TM) 64-Bit Server VM"/>
    <property name="java.vendor.version" value="18.9"/>
    <property name="platformName" value="iOS"/>
    <property name="udid" value="eb7696dfde984d2803f14b74276838381e7d96cd"/>
    <property name="localRepository" value="/Users/bambadia/.m2/repository"/>
    <property name="java.vendor.url.bug" value="https://bugreport.java.com/bugreport/"/>
    <property name="java.io.tmpdir" value="/var/folders/p3/l3f98st10fgbf5ybyj1m4hjr0000gn/T/"/>
    <property name="java.version" value="11.0.15"/>
    <property name="user.dir" value="/Users/bambadia/IdeaProjects/CucumberFramework"/>
    <property name="os.arch" value="x86_64"/>
    <property name="java.vm.specification.name" value="Java Virtual Machine Specification"/>
    <property name="java.awt.printerjob" value="sun.lwawt.macosx.CPrinterJob"/>
    <property name="sun.os.patch.level" value="unknown"/>
    <property name="wdaLocalPort" value="8001"/>
    <property name="java.library.path" value="/Users/bambadia/Library/Java/Extensions:/Library/Java/Extensions:/Network/Library/Java/Extensions:/System/Library/Java/Extensions:/usr/lib/java:."/>
    <property name="java.vendor" value="Oracle Corporation"/>
    <property name="java.vm.info" value="mixed mode"/>
    <property name="java.vm.version" value="11.0.15+8-LTS-149"/>
    <property name="sun.io.unicode.encoding" value="UnicodeBig"/>
    <property name="java.class.version" value="55.0"/>
    <property name="socksNonProxyHosts" value="local|*.local|169.254/16|*.169.254/16"/>
  </properties>
  <testcase name="runScenario[&quot;Add one product&quot;, &quot;Add To cart&quot;](1)" classname="com.bdia.Runners.TestNGRunnerTest" time="46.126">
    <system-out><![CDATA[&amp#27;[35m[Appium]&amp#27;[39m Welcome to Appium v1.22.3
&amp#27;[35m[Appium]&amp#27;[39m Non-default server args:
&amp#27;[35m[Appium]&amp#27;[39m   port: 53260
&amp#27;[35m[Appium]&amp#27;[39m   sessionOverride: true
&amp#27;[35m[Appium]&amp#27;[39m   logFile: /Users/bambadia/IdeaProjects/CucumberFramework/ServerLogs/null/server.log
&amp#27;[35m[Appium]&amp#27;[39m Appium REST http interface listener started on 0.0.0.0:53260
&amp#27;[35m[HTTP]&amp#27;[39m &amp#27;[37m-->&amp#27;[39m &amp#27;[37mGET&amp#27;[39m &amp#27;[37m/wd/hub/status&amp#27;[39m
&amp#27;[35m[HTTP]&amp#27;[39m &amp#27;[90m{}&amp#27;[39m
[debug] &amp#27;[35m[GENERIC]&amp#27;[39m Calling AppiumDriver.getStatus() with args: []
[debug] &amp#27;[35m[GENERIC]&amp#27;[39m Responding to client with driver.getStatus() result: {"build":{"version":"1.22.3"}}
&amp#27;[35m[HTTP]&amp#27;[39m &amp#27;[37m<-- GET /wd/hub/status &amp#27;[39m&amp#27;[32m200&amp#27;[39m &amp#27;[90m10 ms - 68&amp#27;[39m
&amp#27;[35m[HTTP]&amp#27;[39m &amp#27;[90m&amp#27;[39m
PRINT service state : http://0.0.0.0:53260/wd/hub/

@addToCart
Scenario Outline: Add one product         &amp#27;[90m# src/test/java/com/bdia/Feature/AddToCart.feature:14&amp#27;[0m
APPOIUM URL IS : http://0.0.0.0:53260/wd/hub/
  &amp#27;[32mGiven &amp#27;[0m&amp#27;[32mI'm on store page&amp#27;[0m                 &amp#27;[90m# com.bdia.Stepdefs.AddToCartStepDef.iMOnStorePage()&amp#27;[0m
PRODUCT NAME  :  "Blue Shoes"
  &amp#27;[32mWhen &amp#27;[0m&amp#27;[32mI add one &amp#27;[0m&amp#27;[32m&amp#27;[1m"Blue Shoes"&amp#27;[0m&amp#27;[32m to cart&amp#27;[0m     &amp#27;[90m# com.bdia.Stepdefs.AddToCartStepDef.iAddOneProductToCart(com.bdia.Objects.Product)&amp#27;[0m
PRODUCT NAME  :  "Blue Shoes"
  &amp#27;[32mThen &amp#27;[0m&amp#27;[32mI see one &amp#27;[0m&amp#27;[32m&amp#27;[1m"Blue Shoes"&amp#27;[0m&amp#27;[32m in the cart&amp#27;[0m &amp#27;[90m# com.bdia.Stepdefs.AddToCartStepDef.iSeeOneProductInTheCart(com.bdia.Objects.Product)&amp#27;[0m
]]></system-out>
    <system-err><![CDATA[SLF4J: Failed to load class "org.slf4j.impl.StaticLoggerBinder".
SLF4J: Defaulting to no-operation (NOP) logger implementation
SLF4J: See http://www.slf4j.org/codes.html#StaticLoggerBinder for further details.
]]></system-err>
  </testcase>
  <testcase name="runScenario[&quot;add a discount coupon&quot;, &quot;Add a coupon&quot;](2)" classname="com.bdia.Runners.TestNGRunnerTest" time="36.682">
    <system-out><![CDATA[
@coupons
Scenario: add a discount coupon                 &amp#27;[90m# src/test/java/com/bdia/Feature/Coupons.feature:7&amp#27;[0m
APPOIUM URL IS : http://0.0.0.0:53260/wd/hub/
  &amp#27;[32mGiven &amp#27;[0m&amp#27;[32mI'm on coupons list page&amp#27;[0m                &amp#27;[90m# com.bdia.Stepdefs.CouponsStepDef.iMOnCouponsListPage(java.util.List<com.bdia.Objects.Customer>)&amp#27;[0m
    | username                    | password |
    | nathan@neville.com          | Test1111 |
    | uncomptepourbre@yopmail.com | Test     |
  &amp#27;[32mAnd &amp#27;[0m&amp#27;[32mI have a product in the cart&amp#27;[0m              &amp#27;[90m# com.bdia.Stepdefs.CouponsStepDef.iHaveAProductInTheCart()&amp#27;[0m
  &amp#27;[32mWhen &amp#27;[0m&amp#27;[32mI add a discount coupon&amp#27;[0m                  &amp#27;[90m# com.bdia.Stepdefs.CouponsStepDef.iAddADiscountCoupon()&amp#27;[0m
  &amp#27;[32mThen &amp#27;[0m&amp#27;[32mI see the discount reduction in the cart&amp#27;[0m &amp#27;[90m# com.bdia.Stepdefs.CouponsStepDef.iSeeTheDiscounReductionInTheCart()&amp#27;[0m
]]></system-out>
  </testcase>
</testsuite>