<?xml version="1.0" encoding="UTF-8"?>
<!-- Generated by org.testng.reporters.JUnitReportReporter -->
<testsuite hostname="MacBook-Pro-de-bamba.local" failures="0" tests="2" name="com.bdia.Runners.TestNGRunnerTest" time="52.481" errors="0" timestamp="2022-07-01T18:20:23 CEST" skipped="0">
  <testcase classname="com.bdia.Runners.TestNGRunnerTest" name="runScenario" time="24.829"/>
  <system-out/>
  <testcase classname="com.bdia.Runners.TestNGRunnerTest" name="runScenario" time="27.652"/>
  <system-out/>
</testsuite> <!-- com.bdia.Runners.TestNGRunnerTest -->
