<?xml version="1.0" encoding="UTF-8"?>
<!-- Generated by org.testng.reporters.JUnitReportReporter -->
<testsuite hostname="MacBook-Pro-de-bamba.local" failures="0" tests="2" name="com.bdia.Runners.TestNGRunnerTest" time="82.828" errors="0" timestamp="2022-07-01T15:27:46 CEST" skipped="0">
  <testcase classname="com.bdia.Runners.TestNGRunnerTest" name="runScenario" time="36.698"/>
  <system-out/>
  <testcase classname="com.bdia.Runners.TestNGRunnerTest" name="runScenario" time="46.130"/>
  <system-out/>
</testsuite> <!-- com.bdia.Runners.TestNGRunnerTest -->
